
2025-02-17 23:42:20.7|Debug|CustomScript|Script Output: 
02/17/2025 20:42:19 - Standard - Sonarr_EventType - 'Download'
02/17/2025 20:42:19 - Standard - Sonarr_InstanceName - 'Sonarr'
02/17/2025 20:42:19 - Standard - Sonarr_ApplicationUrl - ''
02/17/2025 20:42:19 - Standard - Sonarr_IsUpgrade - 'False'
02/17/2025 20:42:19 - Standard - Sonarr_Series_Id - '9'
02/17/2025 20:42:19 - Standard - Sonarr_Series_Title - 'Record of Lodoss War'
02/17/2025 20:42:19 - Standard - Sonarr_Series_TitleSlug - 'record-of-lodoss-war'
02/17/2025 20:42:19 - Standard - Sonarr_Series_Path - '/data/series/anime/Record of Lodoss War (1990) [tvdbid-78777]'
02/17/2025 20:42:19 - Standard - Sonarr_Series_TvdbId - '78777'
02/17/2025 20:42:19 - Standard - Sonarr_Series_TvMazeId - '17972'
02/17/2025 20:42:19 - Standard - Sonarr_Series_TmdbId - '42713'
02/17/2025 20:42:19 - Standard - Sonarr_Series_ImdbId - 'tt0100044'
02/17/2025 20:42:19 - Standard - Sonarr_Series_Type - 'Standard'
02/17/2025 20:42:19 - Standard - Sonarr_Series_Year - '1990'
02/17/2025 20:42:19 - Standard - Sonarr_Series_OriginalLanguage - 'jpn'
02/17/2025 20:42:19 - Standard - Sonarr_Series_Genres - 'Action|Adventure|Animation|Anime|Fantasy|Romance'
02/17/2025 20:42:19 - Standard - Sonarr_Series_Tags - ''
02/17/2025 20:42:19 - Standard - Sonarr_EpisodeFile_Id - '28'
02/17/2025 20:42:19 - Standard - Sonarr_EpisodeFile_EpisodeCount - '1'
02/17/2025 20:42:19 - Standard - Sonarr_EpisodeFile_RelativePath - 'Season 01/s01e03 The Black Knight.mkv'
02/17/2025 20:42:19 - Standard - Sonarr_EpisodeFile_Path - '/data/series/anime/Record of Lodoss War (1990) [tvdbid-78777]/Season 01/s01e03 The Black Knight.mkv'
02/17/2025 20:42:19 - Standard - Sonarr_EpisodeFile_EpisodeIds - '723'
02/17/2025 20:42:19 - Standard - Sonarr_EpisodeFile_SeasonNumber - '1'
02/17/2025 20:42:19 - Standard - Sonarr_EpisodeFile_EpisodeNumbers - '3'
02/17/2025 20:42:19 - Standard - Sonarr_EpisodeFile_EpisodeAirDates - '1990-09-30'
02/17/2025 20:42:19 - Standard - Sonarr_EpisodeFile_EpisodeAirDatesUtc - '09/29/1990 15:00:00'
02/17/2025 20:42:19 - Standard - Sonarr_EpisodeFile_EpisodeTitles - 'The Black Knight'
02/17/2025 20:42:19 - Standard - Sonarr_EpisodeFile_EpisodeOverviews - 'Beld, the Emperor of Marmo, an island south of Lodoss begins his plan to conquer Lodoss. He leads two subjects, Ashram the Black Knight, and Wagnard the Dark Sorceror. Karla also appears to be in cahoots with them.
02/17/2025 20:42:19 - Standard - Parn trains with Ghim on becoming a stronger fighter, but then encounters a group of kobolds that are led by a dark elf. Deedlit tries to fight the elf, and the rest of the party arrive. The kobolds retreat when they see Alanian soldiers. But Parn is surprised when the Alanians capture them. In the cell, they meet Woodchuck for the first time, but then get their name cleared when the Alanian captain, Jebra, returns and acknowledges Etoh. Jebra offers Parn to join his army. But Parn does have much of a chance to accept as Ashram, the dark elf, and the kobolds later storm the fortress.'
02/17/2025 20:42:19 - Standard - Sonarr_EpisodeFile_Quality - 'Bluray-720p'
02/17/2025 20:42:19 - Standard - Sonarr_EpisodeFile_QualityVersion - '1'
02/17/2025 20:42:19 - Standard - Sonarr_EpisodeFile_ReleaseGroup - 'Winter'
02/17/2025 20:42:19 - Standard - Sonarr_EpisodeFile_SceneName - ''
02/17/2025 20:42:19 - Standard - Sonarr_EpisodeFile_SourcePath - '/data/downloads/Lodoss-tou Senki [BD] [720p]/[Winter] Lodoss-tou Senki 03 [BDrip 960x720 x264 Vorbis].mkv'
02/17/2025 20:42:19 - Standard - Sonarr_EpisodeFile_SourceFolder - '/data/downloads/Lodoss-tou Senki [BD] [720p]'
02/17/2025 20:42:19 - Standard - Sonarr_Download_Client - ''
02/17/2025 20:42:19 - Standard - Sonarr_Download_Client_Type - ''
02/17/2025 20:42:19 - Standard - Sonarr_Download_Id - ''
02/17/2025 20:42:19 - Standard - Sonarr_EpisodeFile_MediaInfo_AudioChannels - '2'
02/17/2025 20:42:19 - Standard - Sonarr_EpisodeFile_MediaInfo_AudioCodec - 'Vorbis'
02/17/2025 20:42:19 - Standard - Sonarr_EpisodeFile_MediaInfo_AudioLanguages - 'jpn'
02/17/2025 20:42:19 - Standard - Sonarr_EpisodeFile_MediaInfo_Languages - 'jpn'
02/17/2025 20:42:19 - Standard - Sonarr_EpisodeFile_MediaInfo_Height - '720'
02/17/2025 20:42:20 - Standard - Sonarr_EpisodeFile_MediaInfo_Width - '960'
02/17/2025 20:42:20 - Standard - Sonarr_EpisodeFile_MediaInfo_Subtitles - ''
02/17/2025 20:42:20 - Standard - Sonarr_EpisodeFile_MediaInfo_VideoCodec - 'x264'
02/17/2025 20:42:20 - Standard - Sonarr_EpisodeFile_MediaInfo_VideoDynamicRangeType - ''
02/17/2025 20:42:20 - Standard - Sonarr_EpisodeFile_CustomFormat - ''
02/17/2025 20:42:20 - Standard - Sonarr_EpisodeFile_CustomFormatScore - '0'
02/17/2025 20:42:20 - Standard - Sonarr_Release_Indexer - ''
02/17/2025 20:42:20 - Standard - Sonarr_Release_Size - ''
02/17/2025 20:42:20 - Standard - Sonarr_Release_Title - ''
02/17/2025 20:42:20 - Standard - Sonarr_Release_ReleaseType - ''
02/17/2025 20:42:20 - Standard - Sonarr_DeletedRelativePaths - ''
02/17/2025 20:42:20 - Standard - Sonarr_DeletedPaths - ''
02/17/2025 20:42:20 - Standard - Sonarr_DeletedDateAdded - ''
02/17/2025 20:42:20 - Standard - Sonarr_DeletedRecycleBinPaths - ''
02/17/2025 20:42:20 - Standard - Sonarr_EventType - 'Download'
02/17/2025 20:42:20 - Standard - Sonarr_InstanceName - 'Sonarr'
02/17/2025 20:42:20 - Standard - Sonarr_ApplicationUrl - ''
02/17/2025 20:42:20 - Standard - Sonarr_Series_Id - '9'
02/17/2025 20:42:20 - Standard - Sonarr_Series_Title - 'Record of Lodoss War'
02/17/2025 20:42:20 - Standard - Sonarr_Series_TitleSlug - 'record-of-lodoss-war'
02/17/2025 20:42:20 - Standard - Sonarr_Series_Path - '/data/series/anime/Record of Lodoss War (1990) [tvdbid-78777]'
02/17/2025 20:42:20 - Standard - Sonarr_Series_TvdbId - '78777'
02/17/2025 20:42:20 - Standard - Sonarr_Series_TvMazeId - '17972'
02/17/2025 20:42:20 - Standard - Sonarr_Series_TmdbId - '42713'
02/17/2025 20:42:20 - Standard - Sonarr_Series_ImdbId - 'tt0100044'
02/17/2025 20:42:20 - Standard - Sonarr_Series_Type - 'Standard'
02/17/2025 20:42:20 - Standard - Sonarr_Series_Year - '1990'
02/17/2025 20:42:20 - Standard - Sonarr_Series_OriginalLanguage - 'jpn'
02/17/2025 20:42:20 - Standard - Sonarr_Series_Genres - 'Action|Adventure|Animation|Anime|Fantasy|Romance'
02/17/2025 20:42:20 - Standard - Sonarr_Series_Tags - ''
02/17/2025 20:42:20 - Standard - Sonarr_EpisodeFile_Ids - ''
02/17/2025 20:42:20 - Standard - Sonarr_EpisodeFile_Count - ''
02/17/2025 20:42:20 - Standard - Sonarr_EpisodeFile_RelativePaths - ''
02/17/2025 20:42:20 - Standard - Sonarr_EpisodeFile_Paths - ''
02/17/2025 20:42:20 - Standard - Sonarr_EpisodeFile_EpisodeIds - '723'
02/17/2025 20:42:20 - Standard - Sonarr_EpisodeFile_SeasonNumber - '1'
02/17/2025 20:42:20 - Standard - Sonarr_EpisodeFile_EpisodeNumbers - '3'
02/17/2025 20:42:20 - Standard - Sonarr_EpisodeFile_EpisodeAirDates - '1990-09-30'
02/17/2025 20:42:20 - Standard - Sonarr_EpisodeFile_EpisodeAirDatesUtc - '09/29/1990 15:00:00'
02/17/2025 20:42:20 - Standard - Sonarr_EpisodeFile_EpisodeTitles - 'The Black Knight'



2025-02-18 00:18:04.5|Debug|CustomScript|Script Output: 
02/17/2025 21:18:04 - Standard - Sonarr_EventType - 'Rename'
02/17/2025 21:18:04 - Standard - Sonarr_InstanceName - 'Sonarr'
02/17/2025 21:18:04 - Standard - Sonarr_ApplicationUrl - ''
02/17/2025 21:18:04 - Standard - Sonarr_Series_Id - '10'
02/17/2025 21:18:04 - Standard - Sonarr_Series_Title - 'Record of Lodoss War'
02/17/2025 21:18:04 - Standard - Sonarr_Series_TitleSlug - 'record-of-lodoss-war'
02/17/2025 21:18:04 - Standard - Sonarr_Series_Path - '/data/series/anime/Record of Lodoss War (1990) [tvdbid-78777]'
02/17/2025 21:18:04 - Standard - Sonarr_Series_TvdbId - '78777'
02/17/2025 21:18:04 - Standard - Sonarr_Series_TvMazeId - '17972'
02/17/2025 21:18:04 - Standard - Sonarr_Series_TmdbId - '42713'
02/17/2025 21:18:04 - Standard - Sonarr_Series_ImdbId - 'tt0100044'
02/17/2025 21:18:04 - Standard - Sonarr_Series_Type - 'Standard'
02/17/2025 21:18:04 - Standard - Sonarr_Series_Year - '1990'
02/17/2025 21:18:04 - Standard - Sonarr_Series_OriginalLanguage - 'jpn'
02/17/2025 21:18:04 - Standard - Sonarr_Series_Genres - 'Action|Adventure|Animation|Anime|Fantasy|Romance'
02/17/2025 21:18:04 - Standard - Sonarr_Series_Tags - ''
02/17/2025 21:18:04 - Standard - Sonarr_EpisodeFile_Ids - '39,40,41,42,43,44,45,46,47,48,49,50'
02/17/2025 21:18:04 - Standard - Sonarr_EpisodeFile_RelativePaths - 'Season 01/s01e02 - Blazing Departure.mkv|Season 01/s01e03 - The Black Knight.mkv|Season 01/s01e04 - The Grey Witch.mkv|Season 01/s01e05 - The Desert King.mkv|Season 01/s01e06 - The Sword of the Dark Emperor.mkv|Season 01/s01e07 - The War of Heroes.mkv|Season 01/s01e08 - Requiem for Warriors.mkv|Season 01/s01e09 - Scepter of Domination.mkv|Season 01/s01e10 - Demon Dragon of Fire Dragon Mountain.mkv|Season 01/s01e11 - The Wizard's Ambition.mkv|Season 01/s01e12 - Final Battle! Marmo, the Dark Island.mkv|Season 01/s01e13 - Lodoss, the Burning Continent.mkv'
02/17/2025 21:18:04 - Standard - Sonarr_EpisodeFile_Paths - '/data/series/anime/Record of Lodoss War (1990) [tvdbid-78777]/Season 01/s01e02 - Blazing Departure.mkv|/data/series/anime/Record of Lodoss War (1990) [tvdbid-78777]/Season 01/s01e03 - The Black Knight.mkv|/data/series/anime/Record of Lodoss War (1990) [tvdbid-78777]/Season 01/s01e04 - The Grey Witch.mkv|/data/series/anime/Record of Lodoss War (1990) [tvdbid-78777]/Season 01/s01e05 - The Desert King.mkv|/data/series/anime/Record of Lodoss War (1990) [tvdbid-78777]/Season 01/s01e06 - The Sword of the Dark Emperor.mkv|/data/series/anime/Record of Lodoss War (1990) [tvdbid-78777]/Season 01/s01e07 - The War of Heroes.mkv|/data/series/anime/Record of Lodoss War (1990) [tvdbid-78777]/Season 01/s01e08 - Requiem for Warriors.mkv|/data/series/anime/Record of Lodoss War (1990) [tvdbid-78777]/Season 01/s01e09 - Scepter of Domination.mkv|/data/series/anime/Record of Lodoss War (1990) [tvdbid-78777]/Season 01/s01e10 - Demon Dragon of Fire Dragon Mountain.mkv|/data/series/anime/Record of Lodoss War (1990) [tvdbid-78777]/Season 01/s01e11 - The Wizard's Ambition.mkv|/data/series/anime/Record of Lodoss War (1990) [tvdbid-78777]/Season 01/s01e12 - Final Battle! Marmo, the Dark Island.mkv|/data/series/anime/Record of Lodoss War (1990) [tvdbid-78777]/Season 01/s01e13 - Lodoss, the Burning Continent.mkv'
02/17/2025 21:18:04 - Standard - Sonarr_EpisodeFile_PreviousRelativePaths - 'Season 01/s01e02 Blazing Departure.mkv|Season 01/s01e03 The Black Knight.mkv|Season 01/s01e04 The Grey Witch.mkv|Season 01/s01e05 The Desert King.mkv|Season 01/s01e06 The Sword of the Dark Emperor.mkv|Season 01/s01e07 The War of Heroes.mkv|Season 01/s01e08 Requiem for Warriors.mkv|Season 01/s01e09 Scepter of Domination.mkv|Season 01/s01e10 Demon Dragon of Fire Dragon Mountain.mkv|Season 01/s01e11 The Wizard's Ambition.mkv|Season 01/s01e12 Final Battle! Marmo, the Dark Island.mkv|Season 01/s01e13 Lodoss, the Burning Continent.mkv'
02/17/2025 21:18:04 - Standard - Sonarr_EpisodeFile_PreviousPaths - '/data/series/anime/Record of Lodoss War (1990) [tvdbid-78777]/Season 01/s01e02 Blazing Departure.mkv|/data/series/anime/Record of Lodoss War (1990) [tvdbid-78777]/Season 01/s01e03 The Black Knight.mkv|/data/series/anime/Record of Lodoss War (1990) [tvdbid-78777]/Season 01/s01e04 The Grey Witch.mkv|/data/series/anime/Record of Lodoss War (1990) [tvdbid-78777]/Season 01/s01e05 The Desert King.mkv|/data/series/anime/Record of Lodoss War (1990) [tvdbid-78777]/Season 01/s01e06 The Sword of the Dark Emperor.mkv|/data/series/anime/Record of Lodoss War (1990) [tvdbid-78777]/Season 01/s01e07 The War of Heroes.mkv|/data/series/anime/Record of Lodoss War (1990) [tvdbid-78777]/Season 01/s01e08 Requiem for Warriors.mkv|/data/series/anime/Record of Lodoss War (1990) [tvdbid-78777]/Season 01/s01e09 Scepter of Domination.mkv|/data/series/anime/Record of Lodoss War (1990) [tvdbid-78777]/Season 01/s01e10 Demon Dragon of Fire Dragon Mountain.mkv|/data/series/anime/Record of Lodoss War (1990) [tvdbid-78777]/Season 01/s01e11 The Wizard's Ambition.mkv|/data/series/anime/Record of Lodoss War (1990) [tvdbid-78777]/Season 01/s01e12 Final Battle! Marmo, the Dark Island.mkv|/data/series/anime/Record of Lodoss War (1990) [tvdbid-78777]/Season 01/s01e13 Lodoss, the Burning Continent.mkv'




2025-02-17 23:53:32.7|Debug|CustomScript|Script Output: 
02/17/2025 20:53:32 - Standard - Sonarr_EventType - 'EpisodeFileDelete'
02/17/2025 20:53:32 - Standard - Sonarr_InstanceName - 'Sonarr'
02/17/2025 20:53:32 - Standard - Sonarr_ApplicationUrl - ''
02/17/2025 20:53:32 - Standard - Sonarr_EpisodeFile_DeleteReason - 'Manual'
02/17/2025 20:53:32 - Standard - Sonarr_Series_Id - '9'
02/17/2025 20:53:32 - Standard - Sonarr_Series_Title - 'Record of Lodoss War'
02/17/2025 20:53:32 - Standard - Sonarr_Series_TitleSlug - 'record-of-lodoss-war'
02/17/2025 20:53:32 - Standard - Sonarr_Series_Path - '/data/series/anime/Record of Lodoss War (1990) [tvdbid-78777]'
02/17/2025 20:53:32 - Standard - Sonarr_Series_TvdbId - '78777'
02/17/2025 20:53:32 - Standard - Sonarr_Series_TvMazeId - '17972'
02/17/2025 20:53:32 - Standard - Sonarr_Series_TmdbId - '42713'
02/17/2025 20:53:32 - Standard - Sonarr_Series_ImdbId - 'tt0100044'
02/17/2025 20:53:32 - Standard - Sonarr_Series_Type - 'Standard'
02/17/2025 20:53:32 - Standard - Sonarr_Series_Year - '1990'
02/17/2025 20:53:32 - Standard - Sonarr_Series_OriginalLanguage - 'jpn'
02/17/2025 20:53:32 - Standard - Sonarr_Series_Genres - 'Action|Adventure|Animation|Anime|Fantasy|Romance'
02/17/2025 20:53:32 - Standard - Sonarr_Series_Tags - ''
02/17/2025 20:53:32 - Standard - Sonarr_EpisodeFile_Id - '26'
02/17/2025 20:53:32 - Standard - Sonarr_EpisodeFile_EpisodeCount - '1'
02/17/2025 20:53:32 - Standard - Sonarr_EpisodeFile_RelativePath - 'Season 01/s01e01 Prologue to the Legend.mkv'
02/17/2025 20:53:32 - Standard - Sonarr_EpisodeFile_Path - '/data/series/anime/Record of Lodoss War (1990) [tvdbid-78777]/Season 01/s01e01 Prologue to the Legend.mkv'
02/17/2025 20:53:32 - Standard - Sonarr_EpisodeFile_EpisodeIds - '721'
02/17/2025 20:53:32 - Standard - Sonarr_EpisodeFile_SeasonNumber - '1'
02/17/2025 20:53:32 - Standard - Sonarr_EpisodeFile_EpisodeNumbers - '1'
02/17/2025 20:53:32 - Standard - Sonarr_EpisodeFile_EpisodeAirDates - '1990-06-30'
02/17/2025 20:53:32 - Standard - Sonarr_EpisodeFile_EpisodeAirDatesUtc - '06/29/1990 15:00:00'
02/17/2025 20:53:32 - Standard - Sonarr_EpisodeFile_EpisodeTitles - 'Prologue to the Legend'
02/17/2025 20:53:32 - Standard - Sonarr_EpisodeFile_EpisodeOverviews - 'The epic opens using an in medias res [in the middle of the action] technique. The six main heroes are already on a quest, and the action-driven episode introduces the characters and their dilemmas in quick succession. Young Parn yearns to be a true knight. Etoh's a novice priest of Falis. Wizard Slayn and dwarf Ghim are old friends. Deedlit is a beautiful elf, and Woodchuck is a thief. An encounter with a dragon and the Grey Witch Karla set up some initial threads for the tale to follow.'
02/17/2025 20:53:32 - Standard - Sonarr_EpisodeFile_Quality - 'Bluray-720p'
02/17/2025 20:53:32 - Standard - Sonarr_EpisodeFile_QualityVersion - '1'
02/17/2025 20:53:32 - Standard - Sonarr_EpisodeFile_ReleaseGroup - 'Winter'
02/17/2025 20:53:32 - Standard - Sonarr_EpisodeFile_SceneName - ''



2025-02-18 00:20:36.6|Debug|CustomScript|Script Output: 
02/17/2025 21:20:35 - Standard - Sonarr_EventType - 'Download'
02/17/2025 21:20:35 - Standard - Sonarr_InstanceName - 'Sonarr'
02/17/2025 21:20:35 - Standard - Sonarr_ApplicationUrl - ''
02/17/2025 21:20:35 - Standard - Sonarr_IsUpgrade - 'True'
02/17/2025 21:20:35 - Standard - Sonarr_Series_Id - '10'
02/17/2025 21:20:35 - Standard - Sonarr_Series_Title - 'Record of Lodoss War'
02/17/2025 21:20:35 - Standard - Sonarr_Series_TitleSlug - 'record-of-lodoss-war'
02/17/2025 21:20:35 - Standard - Sonarr_Series_Path - '/data/series/anime/Record of Lodoss War (1990) [tvdbid-78777]'
02/17/2025 21:20:35 - Standard - Sonarr_Series_TvdbId - '78777'
02/17/2025 21:20:35 - Standard - Sonarr_Series_TvMazeId - '17972'
02/17/2025 21:20:35 - Standard - Sonarr_Series_TmdbId - '42713'
02/17/2025 21:20:35 - Standard - Sonarr_Series_ImdbId - 'tt0100044'
02/17/2025 21:20:35 - Standard - Sonarr_Series_Type - 'Standard'
02/17/2025 21:20:35 - Standard - Sonarr_Series_Year - '1990'
02/17/2025 21:20:35 - Standard - Sonarr_Series_OriginalLanguage - 'jpn'
02/17/2025 21:20:35 - Standard - Sonarr_Series_Genres - 'Action|Adventure|Animation|Anime|Fantasy|Romance'
02/17/2025 21:20:35 - Standard - Sonarr_Series_Tags - ''
02/17/2025 21:20:35 - Standard - Sonarr_EpisodeFile_Id - '52'
02/17/2025 21:20:35 - Standard - Sonarr_EpisodeFile_EpisodeCount - '1'
02/17/2025 21:20:35 - Standard - Sonarr_EpisodeFile_RelativePath - 'Season 01/s01e07 - The War of Heroes.mkv'
02/17/2025 21:20:35 - Standard - Sonarr_EpisodeFile_Path - '/data/series/anime/Record of Lodoss War (1990) [tvdbid-78777]/Season 01/s01e07 - The War of Heroes.mkv'
02/17/2025 21:20:35 - Standard - Sonarr_EpisodeFile_EpisodeIds - '785'
02/17/2025 21:20:35 - Standard - Sonarr_EpisodeFile_SeasonNumber - '1'
02/17/2025 21:20:35 - Standard - Sonarr_EpisodeFile_EpisodeNumbers - '7'
02/17/2025 21:20:35 - Standard - Sonarr_EpisodeFile_EpisodeAirDates - '1991-02-28'
02/17/2025 21:20:35 - Standard - Sonarr_EpisodeFile_EpisodeAirDatesUtc - '02/27/1991 15:00:00'
02/17/2025 21:20:35 - Standard - Sonarr_EpisodeFile_EpisodeTitles - 'The War of Heroes'
02/17/2025 21:20:35 - Standard - Sonarr_EpisodeFile_EpisodeOverviews - 'Kashue's forces are getting decimated in battle. Fahn and Parn try to make their way to him. The Marmo surround the Valis forces, and the battle wears down both sides. Parn briefly encounters Ashram and they engage in combat for the first time. But that fight and others are deferred as King Fahn calls out Emperor Beld in a single one-on-one fight to the death. Parn tries to help Fahn but learns of Karla's motivation for the war and the secret key to her power.'
02/17/2025 21:20:35 - Standard - Sonarr_EpisodeFile_Quality - 'Bluray-720p'
02/17/2025 21:20:35 - Standard - Sonarr_EpisodeFile_QualityVersion - '1'
02/17/2025 21:20:35 - Standard - Sonarr_EpisodeFile_ReleaseGroup - 'Winter'
02/17/2025 21:20:35 - Standard - Sonarr_EpisodeFile_SceneName - ''
02/17/2025 21:20:35 - Standard - Sonarr_EpisodeFile_SourcePath - '/data/downloads/Lodoss-tou Senki [BD] [720p]/[Winter] Lodoss-tou Senki 07 [BDrip 960x720 x264 Vorbis].mkv'
02/17/2025 21:20:35 - Standard - Sonarr_EpisodeFile_SourceFolder - '/data/downloads/Lodoss-tou Senki [BD] [720p]'
02/17/2025 21:20:35 - Standard - Sonarr_Download_Client - ''
02/17/2025 21:20:35 - Standard - Sonarr_Download_Client_Type - ''
02/17/2025 21:20:35 - Standard - Sonarr_Download_Id - ''
02/17/2025 21:20:35 - Standard - Sonarr_EpisodeFile_MediaInfo_AudioChannels - '2'
02/17/2025 21:20:35 - Standard - Sonarr_EpisodeFile_MediaInfo_AudioCodec - 'Vorbis'
02/17/2025 21:20:35 - Standard - Sonarr_EpisodeFile_MediaInfo_AudioLanguages - 'jpn'
02/17/2025 21:20:35 - Standard - Sonarr_EpisodeFile_MediaInfo_Languages - 'jpn'
02/17/2025 21:20:35 - Standard - Sonarr_EpisodeFile_MediaInfo_Height - '720'
02/17/2025 21:20:35 - Standard - Sonarr_EpisodeFile_MediaInfo_Width - '960'
02/17/2025 21:20:35 - Standard - Sonarr_EpisodeFile_MediaInfo_Subtitles - ''
02/17/2025 21:20:35 - Standard - Sonarr_EpisodeFile_MediaInfo_VideoCodec - 'x264'
02/17/2025 21:20:35 - Standard - Sonarr_EpisodeFile_MediaInfo_VideoDynamicRangeType - ''
02/17/2025 21:20:35 - Standard - Sonarr_EpisodeFile_CustomFormat - ''
02/17/2025 21:20:35 - Standard - Sonarr_EpisodeFile_CustomFormatScore - '0'
02/17/2025 21:20:35 - Standard - Sonarr_Release_Indexer - ''
02/17/2025 21:20:35 - Standard - Sonarr_Release_Size - ''
02/17/2025 21:20:35 - Standard - Sonarr_Release_Title - ''
02/17/2025 21:20:35 - Standard - Sonarr_Release_ReleaseType - ''
02/17/2025 21:20:36 - Standard - Sonarr_DeletedRelativePaths - 'Season 01/s01e07 - The War of Heroes.mkv'
02/17/2025 21:20:36 - Standard - Sonarr_DeletedPaths - '/data/series/anime/Record of Lodoss War (1990) [tvdbid-78777]/Season 01/s01e07 - The War of Heroes.mkv'
02/17/2025 21:20:36 - Standard - Sonarr_DeletedDateAdded - '02/17/2025 21:19:29'
02/17/2025 21:20:36 - Standard - Sonarr_DeletedRecycleBinPaths - ''
02/17/2025 21:20:36 - Standard - Sonarr_EventType - 'Download'
02/17/2025 21:20:36 - Standard - Sonarr_InstanceName - 'Sonarr'
02/17/2025 21:20:36 - Standard - Sonarr_ApplicationUrl - ''
02/17/2025 21:20:36 - Standard - Sonarr_Series_Id - '10'
02/17/2025 21:20:36 - Standard - Sonarr_Series_Title - 'Record of Lodoss War'
02/17/2025 21:20:36 - Standard - Sonarr_Series_TitleSlug - 'record-of-lodoss-war'
02/17/2025 21:20:36 - Standard - Sonarr_Series_Path - '/data/series/anime/Record of Lodoss War (1990) [tvdbid-78777]'
02/17/2025 21:20:36 - Standard - Sonarr_Series_TvdbId - '78777'
02/17/2025 21:20:36 - Standard - Sonarr_Series_TvMazeId - '17972'
02/17/2025 21:20:36 - Standard - Sonarr_Series_TmdbId - '42713'
02/17/2025 21:20:36 - Standard - Sonarr_Series_ImdbId - 'tt0100044'
02/17/2025 21:20:36 - Standard - Sonarr_Series_Type - 'Standard'
02/17/2025 21:20:36 - Standard - Sonarr_Series_Year - '1990'
02/17/2025 21:20:36 - Standard - Sonarr_Series_OriginalLanguage - 'jpn'
02/17/2025 21:20:36 - Standard - Sonarr_Series_Genres - 'Action|Adventure|Animation|Anime|Fantasy|Romance'
02/17/2025 21:20:36 - Standard - Sonarr_Series_Tags - ''
02/17/2025 21:20:36 - Standard - Sonarr_EpisodeFile_Ids - ''
02/17/2025 21:20:36 - Standard - Sonarr_EpisodeFile_Count - ''
02/17/2025 21:20:36 - Standard - Sonarr_EpisodeFile_RelativePaths - ''
02/17/2025 21:20:36 - Standard - Sonarr_EpisodeFile_Paths - ''
02/17/2025 21:20:36 - Standard - Sonarr_EpisodeFile_EpisodeIds - '785'
02/17/2025 21:20:36 - Standard - Sonarr_EpisodeFile_SeasonNumber - '1'
02/17/2025 21:20:36 - Standard - Sonarr_EpisodeFile_EpisodeNumbers - '7'
02/17/2025 21:20:36 - Standard - Sonarr_EpisodeFile_EpisodeAirDates - '1991-02-28'
02/17/2025 21:20:36 - Standard - Sonarr_EpisodeFile_EpisodeAirDatesUtc - '02/27/1991 15:00:00'
02/17/2025 21:20:36 - Standard - Sonarr_EpisodeFile_EpisodeTitles - 'The War of Heroes'
02/17/2025 21:20:36 - Standard - Sonarr_EpisodeFile_EpisodeOverviews - 'Kashue's forces are getting decimated in battle. Fahn and Parn try to make their way to him. The Marmo surround the Valis forces, and the battle wears down both sides. Parn briefly encounters Ashram and they engage in combat for the first time. But that fight and others are deferred as King Fahn calls out Emperor Beld in a single one-on-one fight to the death. Parn tries to help Fahn but learns of Karla's motivation for the war and the secret key to her power.'
02/17/2025 21:20:36 - Standard - Sonarr_EpisodeFile_Qualities - ''
02/17/2025 21:20:36 - Standard - Sonarr_EpisodeFile_QualityVersions - ''
02/17/2025 21:20:36 - Standard - Sonarr_EpisodeFile_ReleaseGroups - ''
02/17/2025 21:20:36 - Standard - Sonarr_EpisodeFile_SceneNames - ''
02/17/2025 21:20:36 - Standard - Sonarr_Download_Client - ''
02/17/2025 21:20:36 - Standard - Sonarr_Download_Client_Type - ''
02/17/2025 21:20:36 - Standard - Sonarr_Download_Id - ''
02/17/2025 21:20:36 - Standard - Sonarr_Release_Group - ''
02/17/2025 21:20:36 - Standard - Sonarr_Release_Quality - ''
02/17/2025 21:20:36 - Standard - Sonarr_Release_QualityVersion - ''
02/17/2025 21:20:36 - Standard - Sonarr_Release_Indexer - ''
02/17/2025 21:20:36 - Standard - Sonarr_Release_Size - ''
02/17/2025 21:20:36 - Standard - Sonarr_Release_Title - ''
02/17/2025 21:20:36 - Standard - Sonarr_Release_ReleaseType - ''
02/17/2025 21:20:36 - Standard - Sonarr_SourcePath - ''
02/17/2025 21:20:36 - Standard - Sonarr_SourceFolder - ''
02/17/2025 21:20:36 - Standard - Sonarr_DestinationPath - ''
02/17/2025 21:20:36 - Standard - Sonarr_DestinationFolder - ''


02/17/2025 21:48:22 - Standard - Sonarr_EventType - 'Download'
02/17/2025 21:48:22 - Standard - Sonarr_InstanceName - 'Sonarr'
02/17/2025 21:48:22 - Standard - Sonarr_ApplicationUrl - ''
02/17/2025 21:48:22 - Standard - Sonarr_IsUpgrade - ''
02/17/2025 21:48:22 - Standard - Sonarr_Series_Id - '10'
02/17/2025 21:48:22 - Standard - Sonarr_Series_Title - 'Record of Lodoss War'
02/17/2025 21:48:22 - Standard - Sonarr_Series_TitleSlug - 'record-of-lodoss-war'
02/17/2025 21:48:23 - Standard - Sonarr_Series_Path - '/data/series/anime/Record of Lodoss War (1990) [tvdbid-78777]'
02/17/2025 21:48:23 - Standard - Sonarr_Series_TvdbId - '78777'
02/17/2025 21:48:23 - Standard - Sonarr_Series_TvMazeId - '17972'
02/17/2025 21:48:23 - Standard - Sonarr_Series_TmdbId - '42713'
02/17/2025 21:48:23 - Standard - Sonarr_Series_ImdbId - 'tt0100044'
02/17/2025 21:48:23 - Standard - Sonarr_Series_Type - 'Standard'
02/17/2025 21:48:23 - Standard - Sonarr_Series_Year - '1990'
02/17/2025 21:48:23 - Standard - Sonarr_Series_OriginalLanguage - 'jpn'
02/17/2025 21:48:23 - Standard - Sonarr_Series_Genres - 'Action|Adventure|Animation|Anime|Fantasy|Romance'
02/17/2025 21:48:23 - Standard - Sonarr_Series_Tags - ''
02/17/2025 21:48:23 - Standard - Sonarr_EpisodeFile_Id - ''
02/17/2025 21:48:23 - Standard - Sonarr_EpisodeFile_EpisodeCount - ''
02/17/2025 21:48:23 - Standard - Sonarr_EpisodeFile_RelativePath - ''
02/17/2025 21:48:23 - Standard - Sonarr_EpisodeFile_Path - ''
02/17/2025 21:48:23 - Standard - Sonarr_EpisodeFile_EpisodeIds - '779'
02/17/2025 21:48:23 - Standard - Sonarr_EpisodeFile_SeasonNumber - '1'
02/17/2025 21:48:23 - Standard - Sonarr_EpisodeFile_EpisodeNumbers - '1'
02/17/2025 21:48:23 - Standard - Sonarr_EpisodeFile_EpisodeAirDates - '1990-06-30'
02/17/2025 21:48:23 - Standard - Sonarr_EpisodeFile_EpisodeAirDatesUtc - '06/29/1990 15:00:00'
02/17/2025 21:48:23 - Standard - Sonarr_EpisodeFile_EpisodeTitles - 'Prologue to the Legend'
02/17/2025 21:48:23 - Standard - Sonarr_EpisodeFile_EpisodeOverviews - 'The epic opens using an in medias res [in the middle of the action] technique. The six main heroes are already on a quest, and the action-driven episode introduces the characters and their dilemmas in quick succession. Young Parn yearns to be a true knight. Etoh's a novice priest of Falis. Wizard Slayn and dwarf Ghim are old friends. Deedlit is a beautiful elf, and Woodchuck is a thief. An encounter with a dragon and the Grey Witch Karla set up some initial threads for the tale to follow.'
02/17/2025 21:48:23 - Standard - Sonarr_EpisodeFile_Quality - ''
02/17/2025 21:48:23 - Standard - Sonarr_EpisodeFile_QualityVersion - ''
02/17/2025 21:48:23 - Standard - Sonarr_EpisodeFile_ReleaseGroup - ''
02/17/2025 21:48:23 - Standard - Sonarr_EpisodeFile_SceneName - ''
02/17/2025 21:48:23 - Standard - Sonarr_EpisodeFile_SourcePath - ''
02/17/2025 21:48:23 - Standard - Sonarr_EpisodeFile_SourceFolder - ''
02/17/2025 21:48:23 - Standard - Sonarr_Download_Client - ''
02/17/2025 21:48:23 - Standard - Sonarr_Download_Client_Type - ''
02/17/2025 21:48:23 - Standard - Sonarr_Download_Id - ''
02/17/2025 21:48:23 - Standard - Sonarr_EpisodeFile_MediaInfo_AudioChannels - ''
02/17/2025 21:48:23 - Standard - Sonarr_EpisodeFile_MediaInfo_AudioCodec - ''
02/17/2025 21:48:23 - Standard - Sonarr_EpisodeFile_MediaInfo_AudioLanguages - ''
02/17/2025 21:48:23 - Standard - Sonarr_EpisodeFile_MediaInfo_Languages - ''
02/17/2025 21:48:23 - Standard - Sonarr_EpisodeFile_MediaInfo_Height - ''
02/17/2025 21:48:23 - Standard - Sonarr_EpisodeFile_MediaInfo_Width - ''
02/17/2025 21:48:23 - Standard - Sonarr_EpisodeFile_MediaInfo_Subtitles - ''
02/17/2025 21:48:23 - Standard - Sonarr_EpisodeFile_MediaInfo_VideoCodec - ''
02/17/2025 21:48:23 - Standard - Sonarr_EpisodeFile_MediaInfo_VideoDynamicRangeType - ''
02/17/2025 21:48:23 - Standard - Sonarr_EpisodeFile_CustomFormat - ''
02/17/2025 21:48:23 - Standard - Sonarr_EpisodeFile_CustomFormatScore - ''
02/17/2025 21:48:23 - Standard - Sonarr_Release_Indexer - ''
02/17/2025 21:48:23 - Standard - Sonarr_Release_Size - ''
02/17/2025 21:48:23 - Standard - Sonarr_Release_Title - ''
02/17/2025 21:48:23 - Standard - Sonarr_Release_ReleaseType - 'SingleEpisode'
02/17/2025 21:48:23 - Standard - Sonarr_DeletedRelativePaths - ''
02/17/2025 21:48:23 - Standard - Sonarr_DeletedPaths - ''
02/17/2025 21:48:23 - Standard - Sonarr_DeletedDateAdded - ''
02/17/2025 21:48:23 - Standard - Sonarr_DeletedRecycleBinPaths - ''
02/17/2025 21:48:23 - Standard - Sonarr_EventType - 'Download'
02/17/2025 21:48:23 - Standard - Sonarr_InstanceName - 'Sonarr'
02/17/2025 21:48:23 - Standard - Sonarr_ApplicationUrl - ''
02/17/2025 21:48:23 - Standard - Sonarr_Series_Id - '10'
02/17/2025 21:48:23 - Standard - Sonarr_Series_Title - 'Record of Lodoss War'
02/17/2025 21:48:23 - Standard - Sonarr_Series_TitleSlug - 'record-of-lodoss-war'
02/17/2025 21:48:23 - Standard - Sonarr_Series_Path - '/data/series/anime/Record of Lodoss War (1990) [tvdbid-78777]'
02/17/2025 21:48:23 - Standard - Sonarr_Series_TvdbId - '78777'
02/17/2025 21:48:23 - Standard - Sonarr_Series_TvMazeId - '17972'
02/17/2025 21:48:23 - Standard - Sonarr_Series_TmdbId - '42713'
02/17/2025 21:48:23 - Standard - Sonarr_Series_ImdbId - 'tt0100044'
02/17/2025 21:48:23 - Standard - Sonarr_Series_Type - 'Standard'
02/17/2025 21:48:23 - Standard - Sonarr_Series_Year - '1990'
02/17/2025 21:48:23 - Standard - Sonarr_Series_OriginalLanguage - 'jpn'
02/17/2025 21:48:23 - Standard - Sonarr_Series_Genres - 'Action|Adventure|Animation|Anime|Fantasy|Romance'
02/17/2025 21:48:23 - Standard - Sonarr_Series_Tags - ''
02/17/2025 21:48:23 - Standard - Sonarr_EpisodeFile_Ids - '66'
02/17/2025 21:48:23 - Standard - Sonarr_EpisodeFile_Count - '1'
02/17/2025 21:48:23 - Standard - Sonarr_EpisodeFile_RelativePaths - 'Season 01/s01e01 - Prologue to the Legend.mkv'
02/17/2025 21:48:23 - Standard - Sonarr_EpisodeFile_Paths - '/data/series/anime/Record of Lodoss War (1990) [tvdbid-78777]/Season 01/s01e01 - Prologue to the Legend.mkv'
02/17/2025 21:48:23 - Standard - Sonarr_EpisodeFile_EpisodeIds - '779'
02/17/2025 21:48:23 - Standard - Sonarr_EpisodeFile_SeasonNumber - '1'
02/17/2025 21:48:23 - Standard - Sonarr_EpisodeFile_EpisodeNumbers - '1'
02/17/2025 21:48:23 - Standard - Sonarr_EpisodeFile_EpisodeAirDates - '1990-06-30'
02/17/2025 21:48:23 - Standard - Sonarr_EpisodeFile_EpisodeAirDatesUtc - '06/29/1990 15:00:00'
02/17/2025 21:48:23 - Standard - Sonarr_EpisodeFile_EpisodeTitles - 'Prologue to the Legend'
02/17/2025 21:48:23 - Standard - Sonarr_EpisodeFile_EpisodeOverviews - 'The epic opens using an in medias res [in the middle of the action] technique. The six main heroes are already on a quest, and the action-driven episode introduces the characters and their dilemmas in quick succession. Young Parn yearns to be a true knight. Etoh's a novice priest of Falis. Wizard Slayn and dwarf Ghim are old friends. Deedlit is a beautiful elf, and Woodchuck is a thief. An encounter with a dragon and the Grey Witch Karla set up some initial threads for the tale to follow.'
02/17/2025 21:48:23 - Standard - Sonarr_EpisodeFile_Qualities - 'Bluray-720p'
02/17/2025 21:48:23 - Standard - Sonarr_EpisodeFile_QualityVersions - '1'
02/17/2025 21:48:23 - Standard - Sonarr_EpisodeFile_ReleaseGroups - 'Winter'
02/17/2025 21:48:23 - Standard - Sonarr_EpisodeFile_SceneNames - ''
02/17/2025 21:48:23 - Standard - Sonarr_Download_Client - ''
02/17/2025 21:48:24 - Standard - Sonarr_Download_Client_Type - ''
02/17/2025 21:48:24 - Standard - Sonarr_Download_Id - ''
02/17/2025 21:48:24 - Standard - Sonarr_Release_Group - 'Winter'
02/17/2025 21:48:24 - Standard - Sonarr_Release_Quality - 'Bluray-480p'
02/17/2025 21:48:24 - Standard - Sonarr_Release_QualityVersion - '1'
02/17/2025 21:48:24 - Standard - Sonarr_Release_Indexer - ''
02/17/2025 21:48:24 - Standard - Sonarr_Release_Size - ''
02/17/2025 21:48:24 - Standard - Sonarr_Release_Title - ''
02/17/2025 21:48:24 - Standard - Sonarr_Release_ReleaseType - 'SingleEpisode'
02/17/2025 21:48:24 - Standard - Sonarr_SourcePath - '/data/downloads/Lodoss-tou Senki [BD] [720p]'
02/17/2025 21:48:24 - Standard - Sonarr_SourceFolder - '/data/downloads'
02/17/2025 21:48:24 - Standard - Sonarr_DestinationPath - '/data/series/anime/Record of Lodoss War (1990) [tvdbid-78777]/Season 01'
02/17/2025 21:48:24 - Standard - Sonarr_DestinationFolder - '/data/series/anime/Record of Lodoss War (1990) [tvdbid-78777]'



02/17/2025 21:20:34 - Standard - Sonarr_EventType - 'EpisodeFileDelete'
02/17/2025 21:20:34 - Standard - Sonarr_InstanceName - 'Sonarr'
02/17/2025 21:20:34 - Standard - Sonarr_ApplicationUrl - ''
02/17/2025 21:20:34 - Standard - Sonarr_EpisodeFile_DeleteReason - 'Upgrade'
02/17/2025 21:20:34 - Standard - Sonarr_Series_Id - '10'
02/17/2025 21:20:34 - Standard - Sonarr_Series_Title - 'Record of Lodoss War'
02/17/2025 21:20:34 - Standard - Sonarr_Series_TitleSlug - 'record-of-lodoss-war'
02/17/2025 21:20:34 - Standard - Sonarr_Series_Path - '/data/series/anime/Record of Lodoss War (1990) [tvdbid-78777]'
02/17/2025 21:20:34 - Standard - Sonarr_Series_TvdbId - '78777'
02/17/2025 21:20:34 - Standard - Sonarr_Series_TvMazeId - '17972'
02/17/2025 21:20:34 - Standard - Sonarr_Series_TmdbId - '42713'
02/17/2025 21:20:34 - Standard - Sonarr_Series_ImdbId - 'tt0100044'
02/17/2025 21:20:34 - Standard - Sonarr_Series_Type - 'Standard'
02/17/2025 21:20:34 - Standard - Sonarr_Series_Year - '1990'
02/17/2025 21:20:34 - Standard - Sonarr_Series_OriginalLanguage - 'jpn'
02/17/2025 21:20:34 - Standard - Sonarr_Series_Genres - 'Action|Adventure|Animation|Anime|Fantasy|Romance'
02/17/2025 21:20:34 - Standard - Sonarr_Series_Tags - ''
02/17/2025 21:20:34 - Standard - Sonarr_EpisodeFile_Id - '51'
02/17/2025 21:20:34 - Standard - Sonarr_EpisodeFile_EpisodeCount - '1'
02/17/2025 21:20:34 - Standard - Sonarr_EpisodeFile_RelativePath - 'Season 01/s01e07 - The War of Heroes.mkv'
02/17/2025 21:20:34 - Standard - Sonarr_EpisodeFile_Path - '/data/series/anime/Record of Lodoss War (1990) [tvdbid-78777]/Season 01/s01e07 - The War of Heroes.mkv'
02/17/2025 21:20:34 - Standard - Sonarr_EpisodeFile_EpisodeIds - '785'
02/17/2025 21:20:34 - Standard - Sonarr_EpisodeFile_SeasonNumber - '1'
02/17/2025 21:20:34 - Standard - Sonarr_EpisodeFile_EpisodeNumbers - '7'
02/17/2025 21:20:34 - Standard - Sonarr_EpisodeFile_EpisodeAirDates - '1991-02-28'
02/17/2025 21:20:34 - Standard - Sonarr_EpisodeFile_EpisodeAirDatesUtc - '02/27/1991 15:00:00'
02/17/2025 21:20:34 - Standard - Sonarr_EpisodeFile_EpisodeTitles - 'The War of Heroes'
02/17/2025 21:20:34 - Standard - Sonarr_EpisodeFile_EpisodeOverviews - 'Kashue's forces are getting decimated in battle. Fahn and Parn try to make their way to him. The Marmo surround the Valis forces, and the battle wears down both sides. Parn briefly encounters Ashram and they engage in combat for the first time. But that fight and others are deferred as King Fahn calls out Emperor Beld in a single one-on-one fight to the death. Parn tries to help Fahn but learns of Karla's motivation for the war and the secret key to her power.'
02/17/2025 21:20:34 - Standard - Sonarr_EpisodeFile_Quality - 'Bluray-720p'
02/17/2025 21:20:34 - Standard - Sonarr_EpisodeFile_QualityVersion - '1'
02/17/2025 21:20:34 - Standard - Sonarr_EpisodeFile_ReleaseGroup - 'Winter'
02/17/2025 21:20:34 - Standard - Sonarr_EpisodeFile_SceneName - ''